This is pdfTeX, Version 3.14159265-2.6-1.40.20 (MiKTeX 2.9.7200 64-bit) (preloaded format=pdflatex 2019.10.20)  2 JUN 2020 17:18
entering extended mode
**./cluster_paper_sketch.tex
(cluster_paper_sketch.tex
LaTeX2e <2019-10-01>

("C:\Users\Brandon\AppData\Local\Programs\MiKTeX 2.9\tex/latex/revtex\revtex4-1
.cls"
Document Class: revtex4-1 2010/07/25/20:33:00 4.1r (http://publish.aps.org/revt
ex4/ for documentation)
 Copyright (c) 2009 The American Physical Society.
 mailto:revtex@aps.org
 Licensed under the LPPL:
http://www.ctan.org/tex-archive/macros/latex/base/lppl.txt
 Arthur Ogawa <arthur_ogawa at sbcglobal dot net>
 Based on work by David Carlisle <david at dcarlisle.demon.co.uk>.
ltxutil[2010/07/25/20:33:00 4.1r utilities package (portions licensed from W. E
. Baxter web at superscript.com)]
LaTeX Info: Redefining \@centercr on input line 308.
Class revtex4-1 Info: Repairing broken LaTeX eqnarray on input line 358.
\eqncolsep=\skip41
Class revtex4-1 Info: Repairing hyperref-unfriendly LaTeX definition of \mpfoot
note on input line 433.
Class revtex4-1 Info: Repairing broken LateX \@sect on input line 755.
\intertabularlinepenalty=\count80
\@tbpen=\count81
\@arstrutbox@hline=\box27
Class revtex4-1 Info: Repairing broken LaTeX \@xbitor on input line 1786.
Class revtex4-1 Info: Making \typeout \long on input line 2046.
ltxfront[2010/07/25/20:33:00 4.1r frontmatter package (AO,DPC)]
\c@affil=\count82
\c@collab=\count83
\absbox=\box28
ltxgrid[2010/07/25/20:33:00 4.1r page grid package (portions licensed from W. E
. Baxter web at superscript.com)]
\c@linecount=\count84
\output@latex=\toks14
\box@size@1=\box29
\box@size@2=\box30
\@protection@box=\box31
\@topmark@saved=\toks15
\footins@saved=\box32
\footins@recovered=\box33
\column@recovered=\box34
\pagesofar=\box35
\footsofar=\box36
\pagegrid@col=\count85
Class revtex4-1 Info: Overriding \@vspace, \@vspacer, \@no@pgbk, \@newline, and
 \\  on input line 5578.
\c@part=\count86
\c@section=\count87
\c@subsection=\count88
\c@subsubsection=\count89
\c@paragraph=\count90
\c@subparagraph=\count91
\abovecaptionskip=\skip42
\belowcaptionskip=\skip43
\c@figure=\count92
\fbox@1=\box37
\c@table=\count93
\fbox@2=\box38
\c@video=\count94
\fbox@4=\box39
\@bibdataout=\write3
\widetext@top=\box40
\widetext@bot=\box41
Class revtex4-1 Info: Selecting society aps on input line 7542.

("C:\Users\Brandon\AppData\Local\Programs\MiKTeX 2.9\tex/latex/revtex\aps4-1.rt
x"
File: aps4-1 2010/07/25/20:33:00 4.1r (http://publish.aps.org/revtex4/ for docu
mentation)
Class revtex4-1 Info: RevTeX society APS selected on input line 31.
)
Class revtex4-1 Info: Selecting journal pre on input line 7544.
Class revtex4-1 Info: APS journal PRE selected on input line 7545.


Class revtex4-1 Warning: No type size specified, using default 10.


("C:\Users\Brandon\AppData\Local\Programs\MiKTeX 2.9\tex/latex/revtex\aps10pt4-
1.rtx"
File: aps10pt4-1 2010/07/25/20:33:00 4.1r (http://publish.aps.org/revtex4/ for 
documentation)
Class revtex4-1 Info: RevTeX pointsize 10pt selected on input line 30.
)
("C:\Users\Brandon\AppData\Local\Programs\MiKTeX 2.9\tex/latex/textcase\textcas
e.sty"
Package: textcase 2019/09/14 v1.00 Text only upper/lower case changing (DPC)
)
("C:\Users\Brandon\AppData\Local\Programs\MiKTeX 2.9\tex/latex/url\url.sty"
\Urlmuskip=\muskip10
Package: url 2013/09/16  ver 3.4  Verb mode for urls, etc.
)
("C:\Users\Brandon\AppData\Local\Programs\MiKTeX 2.9\tex/latex/natbib\natbib.st
y"
Package: natbib 2010/09/13 8.31b (PWD, AO)
\bibhang=\skip44
\bibsep=\skip45
LaTeX Info: Redefining \cite on input line 694.
\c@NAT@ctr=\count95
)
Class revtex4-1 Info: Repairing natbib's \BibitemShut on input line 7549.

("C:\Users\Brandon\AppData\Local\Programs\MiKTeX 2.9\tex/latex/revtex\revsymb4-
1.sty"
Package: revsymb4-1 2010/07/25/20:33:00 4.1r (http://publish.aps.org/revtex4/ f
or documentation)
LaTeX Info: Redefining \REV@mathfrak on input line 119.
))
("C:\Users\Brandon\AppData\Local\Programs\MiKTeX 2.9\tex/latex/amsmath\amsmath.
sty"
Package: amsmath 2019/04/01 v2.17c AMS math features
\@mathmargin=\skip46

For additional information on amsmath, use the `?' option.

("C:\Users\Brandon\AppData\Local\Programs\MiKTeX 2.9\tex/latex/amsmath\amstext.
sty"
Package: amstext 2000/06/29 v2.01 AMS text

("C:\Users\Brandon\AppData\Local\Programs\MiKTeX 2.9\tex/latex/amsmath\amsgen.s
ty"
File: amsgen.sty 1999/11/30 v2.0 generic functions
\@emptytoks=\toks16
\ex@=\dimen102
)
LaTeX Info: Redefining \text on input line 28.
)
("C:\Users\Brandon\AppData\Local\Programs\MiKTeX 2.9\tex/latex/amsmath\amsbsy.s
ty"
Package: amsbsy 1999/11/29 v1.2d Bold Symbols
\pmbraise@=\dimen103
)
("C:\Users\Brandon\AppData\Local\Programs\MiKTeX 2.9\tex/latex/amsmath\amsopn.s
ty"
Package: amsopn 2016/03/08 v2.02 operator names
)
\inf@bad=\count96
LaTeX Info: Redefining \frac on input line 227.
\uproot@=\count97
\leftroot@=\count98
LaTeX Info: Redefining \overline on input line 389.
\classnum@=\count99
\DOTSCASE@=\count100
LaTeX Info: Redefining \ldots on input line 486.
LaTeX Info: Redefining \dots on input line 489.
LaTeX Info: Redefining \cdots on input line 610.
\Mathstrutbox@=\box42
\strutbox@=\box43
\big@size=\dimen104
LaTeX Font Info:    Redeclaring font encoding OML on input line 733.
LaTeX Font Info:    Redeclaring font encoding OMS on input line 734.
\macc@depth=\count101
\c@MaxMatrixCols=\count102
\dotsspace@=\muskip11
\c@parentequation=\count103
\dspbrk@lvl=\count104
\tag@help=\toks17
\row@=\count105
\column@=\count106
\maxfields@=\count107
\andhelp@=\toks18
\eqnshift@=\dimen105
\alignsep@=\dimen106
\tagshift@=\dimen107
\tagwidth@=\dimen108
\totwidth@=\dimen109
\lineht@=\dimen110
\@envbody=\toks19
\multlinegap=\skip47
\multlinetaggap=\skip48
\mathdisplay@stack=\toks20
LaTeX Info: Redefining \[ on input line 2855.
LaTeX Info: Redefining \] on input line 2856.
)
("C:\Users\Brandon\AppData\Local\Programs\MiKTeX 2.9\tex/latex/amsfonts\amssymb
.sty"
Package: amssymb 2013/01/14 v3.01 AMS font symbols

("C:\Users\Brandon\AppData\Local\Programs\MiKTeX 2.9\tex/latex/amsfonts\amsfont
s.sty"
Package: amsfonts 2013/01/14 v3.01 Basic AMSFonts support
\symAMSa=\mathgroup4
\symAMSb=\mathgroup5
LaTeX Font Info:    Redeclaring math symbol \hbar on input line 98.
LaTeX Font Info:    Overwriting math alphabet `\mathfrak' in version `bold'
(Font)                  U/euf/m/n --> U/euf/b/n on input line 106.
LaTeX Info: Redefining \frak on input line 111.
LaTeX Info: Redefining \Bbb on input line 113.
))
("C:\Users\Brandon\AppData\Local\Programs\MiKTeX 2.9\tex/latex/graphics\graphic
x.sty"
Package: graphicx 2017/06/01 v1.1a Enhanced LaTeX Graphics (DPC,SPQR)

("C:\Users\Brandon\AppData\Local\Programs\MiKTeX 2.9\tex/latex/graphics\keyval.
sty"
Package: keyval 2014/10/28 v1.15 key=value parser (DPC)
\KV@toks@=\toks21
)
("C:\Users\Brandon\AppData\Local\Programs\MiKTeX 2.9\tex/latex/graphics\graphic
s.sty"
Package: graphics 2019/07/20 v1.3b Standard LaTeX Graphics (DPC,SPQR)

("C:\Users\Brandon\AppData\Local\Programs\MiKTeX 2.9\tex/latex/graphics\trig.st
y"
Package: trig 2016/01/03 v1.10 sin cos tan (DPC)
)
("C:\Users\Brandon\AppData\Local\Programs\MiKTeX 2.9\tex/latex/graphics-cfg\gra
phics.cfg"
File: graphics.cfg 2016/06/04 v1.11 sample graphics configuration
)
Package graphics Info: Driver file: pdftex.def on input line 105.

("C:\Users\Brandon\AppData\Local\Programs\MiKTeX 2.9\tex/latex/graphics-def\pdf
tex.def"
File: pdftex.def 2018/01/08 v1.0l Graphics/color driver for pdftex
))
\Gin@req@height=\dimen111
\Gin@req@width=\dimen112
)
("C:\Users\Brandon\AppData\Local\Programs\MiKTeX 2.9\tex/latex/geometry\geometr
y.sty"
Package: geometry 2018/04/16 v5.8 Page Geometry

("C:\Users\Brandon\AppData\Local\Programs\MiKTeX 2.9\tex/generic/oberdiek\ifpdf
.sty"
Package: ifpdf 2018/09/07 v3.3 Provides the ifpdf switch
)
("C:\Users\Brandon\AppData\Local\Programs\MiKTeX 2.9\tex/generic/oberdiek\ifvte
x.sty"
Package: ifvtex 2016/05/16 v1.6 Detect VTeX and its facilities (HO)
Package ifvtex Info: VTeX not detected.
)
("C:\Users\Brandon\AppData\Local\Programs\MiKTeX 2.9\tex/generic/ifxetex\ifxete
x.sty"
Package: ifxetex 2010/09/12 v0.6 Provides ifxetex conditional
)
\Gm@cnth=\count108
\Gm@cntv=\count109
\c@Gm@tempcnt=\count110
\Gm@bindingoffset=\dimen113
\Gm@wd@mp=\dimen114
\Gm@odd@mp=\dimen115
\Gm@even@mp=\dimen116
\Gm@layoutwidth=\dimen117
\Gm@layoutheight=\dimen118
\Gm@layouthoffset=\dimen119
\Gm@layoutvoffset=\dimen120
\Gm@dimlist=\toks22

("C:\Users\Brandon\AppData\Local\Programs\MiKTeX 2.9\tex/latex/geometry\geometr
y.cfg"))
Class revtex4-1 Info: Unrecognized LaTeX tabular. Please update this document c
lass! (Proceeding with fingers crossed.) on input line 31.
Class revtex4-1 Info: cite was not loaded (OK!) on input line 31.
Class revtex4-1 Info: mcite was not loaded (OK!) on input line 31.
Class revtex4-1 Info: multicol was not loaded (OK!) on input line 31.
 (cluster_paper_sketch.aux)
\openout1 = `cluster_paper_sketch.aux'.

LaTeX Font Info:    Checking defaults for OML/cmm/m/it on input line 31.
LaTeX Font Info:    ... okay on input line 31.
LaTeX Font Info:    Checking defaults for T1/cmr/m/n on input line 31.
LaTeX Font Info:    ... okay on input line 31.
LaTeX Font Info:    Checking defaults for OT1/cmr/m/n on input line 31.
LaTeX Font Info:    ... okay on input line 31.
LaTeX Font Info:    Checking defaults for OMS/cmsy/m/n on input line 31.
LaTeX Font Info:    ... okay on input line 31.
LaTeX Font Info:    Checking defaults for OMX/cmex/m/n on input line 31.
LaTeX Font Info:    ... okay on input line 31.
LaTeX Font Info:    Checking defaults for U/cmr/m/n on input line 31.
LaTeX Font Info:    ... okay on input line 31.

("C:\Users\Brandon\AppData\Local\Programs\MiKTeX 2.9\tex/context/base/mkii\supp
-pdf.mkii"
[Loading MPS to PDF converter (version 2006.09.02).]
\scratchcounter=\count111
\scratchdimen=\dimen121
\scratchbox=\box44
\nofMPsegments=\count112
\nofMParguments=\count113
\everyMPshowfont=\toks23
\MPscratchCnt=\count114
\MPscratchDim=\dimen122
\MPnumerator=\count115
\makeMPintoPDFobject=\count116
\everyMPtoPDFconversion=\toks24
)
("C:\Users\Brandon\AppData\Local\Programs\MiKTeX 2.9\tex/latex/oberdiek\epstopd
f-base.sty"
Package: epstopdf-base 2016/05/15 v2.6 Base part for package epstopdf

("C:\Users\Brandon\AppData\Local\Programs\MiKTeX 2.9\tex/generic/oberdiek\infwa
rerr.sty"
Package: infwarerr 2016/05/16 v1.4 Providing info/warning/error messages (HO)
)
("C:\Users\Brandon\AppData\Local\Programs\MiKTeX 2.9\tex/latex/oberdiek\grfext.
sty"
Package: grfext 2016/05/16 v1.2 Manage graphics extensions (HO)

("C:\Users\Brandon\AppData\Local\Programs\MiKTeX 2.9\tex/generic/oberdiek\kvdef
inekeys.sty"
Package: kvdefinekeys 2016/05/16 v1.4 Define keys (HO)

("C:\Users\Brandon\AppData\Local\Programs\MiKTeX 2.9\tex/generic/oberdiek\ltxcm
ds.sty"
Package: ltxcmds 2016/05/16 v1.23 LaTeX kernel commands for general use (HO)
)))
("C:\Users\Brandon\AppData\Local\Programs\MiKTeX 2.9\tex/latex/oberdiek\kvoptio
ns.sty"
Package: kvoptions 2016/05/16 v3.12 Key value format for package options (HO)

("C:\Users\Brandon\AppData\Local\Programs\MiKTeX 2.9\tex/generic/oberdiek\kvset
keys.sty"
Package: kvsetkeys 2016/05/16 v1.17 Key value parser (HO)

("C:\Users\Brandon\AppData\Local\Programs\MiKTeX 2.9\tex/generic/oberdiek\etexc
mds.sty"
Package: etexcmds 2016/05/16 v1.6 Avoid name clashes with e-TeX commands (HO)

("C:\Users\Brandon\AppData\Local\Programs\MiKTeX 2.9\tex/generic/oberdiek\iflua
tex.sty"
Package: ifluatex 2016/05/16 v1.4 Provides the ifluatex switch (HO)
Package ifluatex Info: LuaTeX not detected.
))))
("C:\Users\Brandon\AppData\Local\Programs\MiKTeX 2.9\tex/generic/oberdiek\pdfte
xcmds.sty"
Package: pdftexcmds 2019/07/25 v0.30 Utility functions of pdfTeX for LuaTeX (HO
)
Package pdftexcmds Info: LuaTeX not detected.
Package pdftexcmds Info: \pdf@primitive is available.
Package pdftexcmds Info: \pdf@ifprimitive is available.
Package pdftexcmds Info: \pdfdraftmode found.
)
Package epstopdf-base Info: Redefining graphics rule for `.eps' on input line 4
38.
Package grfext Info: Graphics extension search list:
(grfext)             [.pdf,.png,.jpg,.mps,.jpeg,.jbig2,.jb2,.PDF,.PNG,.JPG,.JPE
G,.JBIG2,.JB2,.eps]
(grfext)             \AppendGraphicsExtensions on input line 456.
)
*geometry* driver: auto-detecting
*geometry* detected driver: pdftex
*geometry* verbose mode - [ preamble ] result:
* driver: pdftex
* paper: <default>
* layout: <same size as paper>
* layoutoffset:(h,v)=(0.0pt,0.0pt)
* modes: 
* h-part:(L,W,R)=(72.26999pt, 469.75502pt, 72.26999pt)
* v-part:(T,H,B)=(72.26999pt, 650.43001pt, 72.26999pt)
* \paperwidth=614.295pt
* \paperheight=794.96999pt
* \textwidth=469.75502pt
* \textheight=650.43001pt
* \oddsidemargin=0.0pt
* \evensidemargin=0.0pt
* \topmargin=-41.0pt
* \headheight=25.0pt
* \headsep=16.0pt
* \topskip=10.0pt
* \footskip=30.0pt
* \marginparwidth=30.0pt
* \marginparsep=6.0pt
* \columnsep=18.0pt
* \skip\footins=39.0pt plus 4.0pt minus 12.0pt
* \hoffset=0.0pt
* \voffset=0.0pt
* \mag=1000
* \@twocolumnfalse
* \@twosidefalse
* \@mparswitchfalse
* \@reversemarginfalse
* (1in=72.27pt=25.4mm, 1cm=28.453pt)

\openout3 = `cluster_paper_sketchNotes.bib'.

LaTeX Font Info:    Trying to load font information for U+msa on input line 44.

("C:\Users\Brandon\AppData\Local\Programs\MiKTeX 2.9\tex/latex/amsfonts\umsa.fd
"
File: umsa.fd 2013/01/14 v3.01 AMS symbols A
)
LaTeX Font Info:    Trying to load font information for U+msb on input line 44.


("C:\Users\Brandon\AppData\Local\Programs\MiKTeX 2.9\tex/latex/amsfonts\umsb.fd
"
File: umsb.fd 2013/01/14 v3.01 AMS symbols B
)

Class revtex4-1 Warning: Assuming \noaffiliation for authors.


Underfull \hbox (badness 1028) in paragraph at lines 52--53
[]\OT1/cmr/m/n/10 Trillions of bac-te-ria in-habit the gas-troin-testi-nal
 []

[1{C:/Users/Brandon/AppData/Local/MiKTeX/2.9/pdftex/config/pdftex.map}]
<C:/Users/Brandon/Documents/Gutz/clusters/cluster_paper/figures/fig1-data/all_c
lusters_prob_dens_subplots_pool.png, id=14, 861.2175pt x 697.10437pt>
File: C:/Users/Brandon/Documents/Gutz/clusters/cluster_paper/figures/fig1-data/
all_clusters_prob_dens_subplots_pool.png Graphic file (type png)
<use C:/Users/Brandon/Documents/Gutz/clusters/cluster_paper/figures/fig1-data/a
ll_clusters_prob_dens_subplots_pool.png>
Package pdftex.def Info: C:/Users/Brandon/Documents/Gutz/clusters/cluster_paper
/figures/fig1-data/all_clusters_prob_dens_subplots_pool.png  used on input line
 62.
(pdftex.def)             Requested size: 433.62pt x 350.99782pt.

Underfull \hbox (badness 3118) in paragraph at lines 75--76
[]\OT1/cmr/m/n/10 We cre-ated a dataset that com-bines lists of
 []


Underfull \hbox (badness 10000) in paragraph at lines 75--76
\OT1/cmr/m/n/10 clus-ter sizes from 3 dif-fer-ent stud-ies [bio-
 []


Underfull \hbox (badness 7631) in paragraph at lines 75--76
\OT1/cmr/m/n/10 physJ,PNAS,Plos2020], con-tain-ing data on 9
 []


Underfull \hbox (badness 3158) in paragraph at lines 75--76
\OT1/cmr/m/n/10 All strains are of the Pro-teobac-te-ria phy-lum
 []

[2]
<C:/Users/Brandon/Documents/Gutz/clusters/cluster_paper/figures/one-axis-data_f
ig/one-axis-data_fig.pdf, id=20, 227.47978pt x 172.08226pt>
File: C:/Users/Brandon/Documents/Gutz/clusters/cluster_paper/figures/one-axis-d
ata_fig/one-axis-data_fig.pdf Graphic file (type pdf)
<use C:/Users/Brandon/Documents/Gutz/clusters/cluster_paper/figures/one-axis-da
ta_fig/one-axis-data_fig.pdf>
Package pdftex.def Info: C:/Users/Brandon/Documents/Gutz/clusters/cluster_paper
/figures/one-axis-data_fig/one-axis-data_fig.pdf  used on input line 94.
(pdftex.def)             Requested size: 216.81pt x 164.0181pt.
<C:/Users/Brandon/Documents/Gutz/clusters/cluster_paper/figures/correspondance_
fig/correspondance_fig.pdf, id=21, 768.22438pt x 247.53897pt>
File: C:/Users/Brandon/Documents/Gutz/clusters/cluster_paper/figures/correspond
ance_fig/correspondance_fig.pdf Graphic file (type pdf)
<use C:/Users/Brandon/Documents/Gutz/clusters/cluster_paper/figures/corresponda
nce_fig/correspondance_fig.pdf>
Package pdftex.def Info: C:/Users/Brandon/Documents/Gutz/clusters/cluster_paper
/figures/correspondance_fig/correspondance_fig.pdf  used on input line 103.
(pdftex.def)             Requested size: 433.62pt x 139.72pt.
 [3 <C:/Users/Brandon/Documents/Gutz/clusters/cluster_paper/figures/fig1-data/a
ll_clusters_prob_dens_subplots_pool.png (PNG copy)>]

LaTeX Warning: A float is stuck (cannot be placed); try class option [floatfix]
 on input line 110.

[4 <C:/Users/Brandon/Documents/Gutz/clusters/cluster_paper/figures/one-axis-dat
a_fig/one-axis-data_fig.pdf>]
<C:/Users/Brandon/Documents/Gutz/clusters/cluster_paper/figures/nu0_fig/nu0_fig
.pdf, id=48, 227.47978pt x 179.25235pt>
File: C:/Users/Brandon/Documents/Gutz/clusters/cluster_paper/figures/nu0_fig/nu
0_fig.pdf Graphic file (type pdf)
<use C:/Users/Brandon/Documents/Gutz/clusters/cluster_paper/figures/nu0_fig/nu0
_fig.pdf>
Package pdftex.def Info: C:/Users/Brandon/Documents/Gutz/clusters/cluster_paper
/figures/nu0_fig/nu0_fig.pdf  used on input line 154.
(pdftex.def)             Requested size: 216.81pt x 170.8522pt.
<C:/Users/Brandon/Documents/Gutz/clusters/cluster_paper/figures/generalized-mod
el_fig/generalized-model_fig.pdf, id=49, 546.2929pt x 384.1122pt>
File: C:/Users/Brandon/Documents/Gutz/clusters/cluster_paper/figures/generalize
d-model_fig/generalized-model_fig.pdf Graphic file (type pdf)
<use C:/Users/Brandon/Documents/Gutz/clusters/cluster_paper/figures/generalized
-model_fig/generalized-model_fig.pdf>
Package pdftex.def Info: C:/Users/Brandon/Documents/Gutz/clusters/cluster_paper
/figures/generalized-model_fig/generalized-model_fig.pdf  used on input line 16
4.
(pdftex.def)             Requested size: 433.62pt x 304.89299pt.
 [5 <C:/Users/Brandon/Documents/Gutz/clusters/cluster_paper/figures/corresponda
nce_fig/correspondance_fig.pdf> <C:/Users/Brandon/Documents/Gutz/clusters/clust
er_paper/figures/nu0_fig/nu0_fig.pdf

pdfTeX warning: pdflatex.exe (file C:/Users/Brandon/Documents/Gutz/clusters/clu
ster_paper/figures/nu0_fig/nu0_fig.pdf): PDF inclusion: multiple pdfs with page
 group included in a single page
>]
Overfull \vbox (10.86058pt too high) has occurred while \output is active []


Overfull \vbox (10.86058pt too high) has occurred while \output is active []


[6 <C:/Users/Brandon/Documents/Gutz/clusters/cluster_paper/figures/generalized-
model_fig/generalized-model_fig.pdf>]
No file cluster_paper_sketch.bbl.
[7] (cluster_paper_sketch.aux) ) 
Here is how much of TeX's memory you used:
 5128 strings out of 492452
 72552 string characters out of 3119129
 158894 words of memory out of 3000000
 9414 multiletter control sequences out of 15000+200000
 10045 words of font info for 39 fonts, out of 3000000 for 9000
 1141 hyphenation exceptions out of 8191
 46i,10n,34p,1833b,258s stack positions out of 5000i,500n,10000p,200000b,50000s
<C:/Users/Brandon/AppData/Local/Programs/MiKTeX
 2.9/fonts/type1/public/amsfonts/cm/cmbx12.pfb><C:/Users/Brandon/AppData/Local/
Programs/MiKTeX 2.9/fonts/type1/public/amsfonts/cm/cmbx9.pfb><C:/Users/Brandon/
AppData/Local/Programs/MiKTeX 2.9/fonts/type1/public/amsfonts/cm/cmex10.pfb><C:
/Users/Brandon/AppData/Local/Programs/MiKTeX 2.9/fonts/type1/public/amsfonts/cm
/cmmi10.pfb><C:/Users/Brandon/AppData/Local/Programs/MiKTeX 2.9/fonts/type1/pub
lic/amsfonts/cm/cmmi6.pfb><C:/Users/Brandon/AppData/Local/Programs/MiKTeX 2.9/f
onts/type1/public/amsfonts/cm/cmmi7.pfb><C:/Users/Brandon/AppData/Local/Program
s/MiKTeX 2.9/fonts/type1/public/amsfonts/cm/cmmi9.pfb><C:/Users/Brandon/AppData
/Local/Programs/MiKTeX 2.9/fonts/type1/public/amsfonts/cm/cmr10.pfb><C:/Users/B
randon/AppData/Local/Programs/MiKTeX 2.9/fonts/type1/public/amsfonts/cm/cmr7.pf
b><C:/Users/Brandon/AppData/Local/Programs/MiKTeX 2.9/fonts/type1/public/amsfon
ts/cm/cmr9.pfb><C:/Users/Brandon/AppData/Local/Programs/MiKTeX 2.9/fonts/type1/
public/amsfonts/cm/cmsy10.pfb><C:/Users/Brandon/AppData/Local/Programs/MiKTeX 2
.9/fonts/type1/public/amsfonts/cm/cmsy6.pfb><C:/Users/Brandon/AppData/Local/Pro
grams/MiKTeX 2.9/fonts/type1/public/amsfonts/cm/cmsy7.pfb><C:/Users/Brandon/App
Data/Local/Programs/MiKTeX 2.9/fonts/type1/public/amsfonts/cm/cmsy9.pfb><C:/Use
rs/Brandon/AppData/Local/Programs/MiKTeX 2.9/fonts/type1/public/amsfonts/cm/cmt
i10.pfb>
Output written on cluster_paper_sketch.pdf (7 pages, 609021 bytes).
PDF statistics:
 312 PDF objects out of 1000 (max. 8388607)
 0 named destinations out of 1000 (max. 500000)
 26 words of extra memory for PDF output out of 10000 (max. 10000000)

